2016-01-21 19:52:14 [scrapy] INFO: Scrapy 1.0.4 started (bot: wikiart_global)
2016-01-21 19:52:14 [scrapy] INFO: Optional features available: ssl, http11
2016-01-21 19:52:14 [scrapy] INFO: Overridden settings: {'NEWSPIDER_MODULE': 'wikiart_webcrawler.spiders', 'FEED_URI': './data/wikiart_data.json', 'LOG_LEVEL': 'INFO', 'SPIDER_MODULES': ['wikiart_webcrawler.spiders'], 'BOT_NAME': 'wikiart_global', 'LOG_FILE': './data/log.json'}
2016-01-21 19:52:14 [scrapy] INFO: Enabled extensions: CloseSpider, FeedExporter, TelnetConsole, LogStats, CoreStats, SpiderState
2016-01-21 19:52:14 [scrapy] INFO: Enabled downloader middlewares: HttpAuthMiddleware, DownloadTimeoutMiddleware, UserAgentMiddleware, RetryMiddleware, DefaultHeadersMiddleware, MetaRefreshMiddleware, HttpCompressionMiddleware, RedirectMiddleware, CookiesMiddleware, ChunkedTransferMiddleware, DownloaderStats
2016-01-21 19:52:14 [scrapy] INFO: Enabled spider middlewares: HttpErrorMiddleware, OffsiteMiddleware, RefererMiddleware, UrlLengthMiddleware, DepthMiddleware
2016-01-21 19:52:15 [scrapy] INFO: Enabled item pipelines: ArtworkDescriptorPipeline
2016-01-21 19:52:15 [scrapy] INFO: Spider opened
2016-01-21 19:52:15 [scrapy] INFO: Crawled 0 pages (at 0 pages/min), scraped 0 items (at 0 items/min)
2016-01-21 19:52:21 [scrapy] INFO: Closing spider (finished)
2016-01-21 19:52:21 [scrapy] INFO: Stored jsonlines feed (1 items) in: ./data/wikiart_data.json
2016-01-21 19:52:21 [scrapy] INFO: Dumping Scrapy stats:
{'downloader/request_bytes': 1559,
 'downloader/request_count': 5,
 'downloader/request_method_count/GET': 5,
 'downloader/response_bytes': 117663,
 'downloader/response_count': 5,
 'downloader/response_status_count/200': 5,
 'file_count': 1,
 'file_status_count/downloaded': 1,
 'finish_reason': 'finished',
 'finish_time': datetime.datetime(2016, 1, 21, 17, 52, 21, 571219),
 'item_scraped_count': 1,
 'log_count/INFO': 8,
 'request_depth_max': 3,
 'response_received_count': 5,
 'scheduler/dequeued': 4,
 'scheduler/dequeued/memory': 4,
 'scheduler/enqueued': 4,
 'scheduler/enqueued/memory': 4,
 'start_time': datetime.datetime(2016, 1, 21, 17, 52, 15, 102692)}
2016-01-21 19:52:21 [scrapy] INFO: Spider closed (finished)
2016-01-21 19:52:38 [scrapy] INFO: Scrapy 1.0.4 started (bot: wikiart_global)
2016-01-21 19:52:38 [scrapy] INFO: Optional features available: ssl, http11
2016-01-21 19:52:38 [scrapy] INFO: Overridden settings: {'NEWSPIDER_MODULE': 'wikiart_webcrawler.spiders', 'FEED_URI': './data/wikiart_data.json', 'LOG_LEVEL': 'INFO', 'SPIDER_MODULES': ['wikiart_webcrawler.spiders'], 'BOT_NAME': 'wikiart_global', 'LOG_FILE': './data/log.json'}
2016-01-21 19:52:38 [scrapy] INFO: Enabled extensions: CloseSpider, FeedExporter, TelnetConsole, LogStats, CoreStats, SpiderState
2016-01-21 19:52:38 [scrapy] INFO: Enabled downloader middlewares: HttpAuthMiddleware, DownloadTimeoutMiddleware, UserAgentMiddleware, RetryMiddleware, DefaultHeadersMiddleware, MetaRefreshMiddleware, HttpCompressionMiddleware, RedirectMiddleware, CookiesMiddleware, ChunkedTransferMiddleware, DownloaderStats
2016-01-21 19:52:38 [scrapy] INFO: Enabled spider middlewares: HttpErrorMiddleware, OffsiteMiddleware, RefererMiddleware, UrlLengthMiddleware, DepthMiddleware
2016-01-21 19:52:38 [scrapy] INFO: Enabled item pipelines: ArtworkDescriptorPipeline
2016-01-21 19:52:38 [scrapy] INFO: Spider opened
2016-01-21 19:52:38 [scrapy] INFO: Crawled 0 pages (at 0 pages/min), scraped 0 items (at 0 items/min)
2016-01-21 19:52:42 [scrapy] INFO: Closing spider (finished)
2016-01-21 19:52:42 [scrapy] INFO: Stored jsonlines feed (1 items) in: ./data/wikiart_data.json
2016-01-21 19:52:42 [scrapy] INFO: Dumping Scrapy stats:
{'downloader/request_bytes': 1559,
 'downloader/request_count': 5,
 'downloader/request_method_count/GET': 5,
 'downloader/response_bytes': 117661,
 'downloader/response_count': 5,
 'downloader/response_status_count/200': 5,
 'file_count': 1,
 'file_status_count/downloaded': 1,
 'finish_reason': 'finished',
 'finish_time': datetime.datetime(2016, 1, 21, 17, 52, 42, 401598),
 'item_scraped_count': 1,
 'log_count/INFO': 8,
 'request_depth_max': 3,
 'response_received_count': 5,
 'scheduler/dequeued': 4,
 'scheduler/dequeued/memory': 4,
 'scheduler/enqueued': 4,
 'scheduler/enqueued/memory': 4,
 'start_time': datetime.datetime(2016, 1, 21, 17, 52, 38, 886264)}
2016-01-21 19:52:42 [scrapy] INFO: Spider closed (finished)
2016-01-21 19:56:24 [scrapy] INFO: Scrapy 1.0.4 started (bot: wikiart_global)
2016-01-21 19:56:24 [scrapy] INFO: Optional features available: ssl, http11
2016-01-21 19:56:24 [scrapy] INFO: Overridden settings: {'NEWSPIDER_MODULE': 'wikiart_webcrawler.spiders', 'FEED_URI': './data/wikiart_data.json', 'LOG_LEVEL': 'INFO', 'SPIDER_MODULES': ['wikiart_webcrawler.spiders'], 'BOT_NAME': 'wikiart_global', 'LOG_FILE': './data/scrapy_log.log'}
2016-01-21 19:56:24 [scrapy] INFO: Enabled extensions: CloseSpider, FeedExporter, TelnetConsole, LogStats, CoreStats, SpiderState
2016-01-21 19:56:24 [scrapy] INFO: Enabled downloader middlewares: HttpAuthMiddleware, DownloadTimeoutMiddleware, UserAgentMiddleware, RetryMiddleware, DefaultHeadersMiddleware, MetaRefreshMiddleware, HttpCompressionMiddleware, RedirectMiddleware, CookiesMiddleware, ChunkedTransferMiddleware, DownloaderStats
2016-01-21 19:56:24 [scrapy] INFO: Enabled spider middlewares: HttpErrorMiddleware, OffsiteMiddleware, RefererMiddleware, UrlLengthMiddleware, DepthMiddleware
2016-01-21 19:56:25 [scrapy] INFO: Enabled item pipelines: ArtworkDescriptorPipeline
2016-01-21 19:56:25 [scrapy] INFO: Spider opened
2016-01-21 19:56:25 [scrapy] INFO: Crawled 0 pages (at 0 pages/min), scraped 0 items (at 0 items/min)
2016-01-21 19:56:28 [scrapy] INFO: Closing spider (finished)
2016-01-21 19:56:28 [scrapy] INFO: Stored jsonlines feed (1 items) in: ./data/wikiart_data.json
2016-01-21 19:56:28 [scrapy] INFO: Dumping Scrapy stats:
{'downloader/request_bytes': 1559,
 'downloader/request_count': 5,
 'downloader/request_method_count/GET': 5,
 'downloader/response_bytes': 117655,
 'downloader/response_count': 5,
 'downloader/response_status_count/200': 5,
 'file_count': 1,
 'file_status_count/downloaded': 1,
 'finish_reason': 'finished',
 'finish_time': datetime.datetime(2016, 1, 21, 17, 56, 28, 298805),
 'item_scraped_count': 1,
 'log_count/INFO': 8,
 'request_depth_max': 3,
 'response_received_count': 5,
 'scheduler/dequeued': 4,
 'scheduler/dequeued/memory': 4,
 'scheduler/enqueued': 4,
 'scheduler/enqueued/memory': 4,
 'start_time': datetime.datetime(2016, 1, 21, 17, 56, 25, 321189)}
2016-01-21 19:56:28 [scrapy] INFO: Spider closed (finished)
